<?xml version="1.0" encoding="UTF-8" standalone="no"?>
<testsuite failures="1" name="cucumber.runtime.formatter.JUnitFormatter" skipped="1" tests="3" time="17.612735">
    <testcase classname="feature to test google search functionality" name="Validate google search is working" time="2.974139">
        <skipped><![CDATA[Given browser is open.......................................................passed
And user is on google search page...........................................undefined
When user enters a text in search box field.................................undefined
And hits enter..............................................................undefined
Then user is navigate to search results.....................................undefined
]]></skipped>
    </testcase>
    <testcase classname="Test Login Functionality" name="Check login is succeful with valid credintials" time="14.582239">
        <system-out><![CDATA[Given browser is open.......................................................passed
And user is on login page...................................................passed
When user enters valid username and password................................passed
And user clicks on login....................................................passed
Then user is navigated to the home page.....................................passed
]]></system-out>
    </testcase>
    <testcase classname="feature to be test functionality" name="Check login is successful with valid credentials" time="0.056357">
        <failure message="java.lang.NullPointerException: Cannot invoke &quot;org.openqa.selenium.WebDriver.navigate()&quot; because &quot;this.driver&quot; is null&#13;&#10;&#9;at StepDefinitions.LoginDemo.user_is_on_login_page(LoginDemo.java:28)&#13;&#10;&#9;at ✽.user is on login page(file:src/test/resources/Features/login.feature:5)&#13;&#10;"><![CDATA[Given user is on login page.................................................failed
When user enters username and password......................................undefined
And clicks on login button..................................................undefined
Then user is navigted to the home page......................................undefined

StackTrace:
java.lang.NullPointerException: Cannot invoke "org.openqa.selenium.WebDriver.navigate()" because "this.driver" is null
	at StepDefinitions.LoginDemo.user_is_on_login_page(LoginDemo.java:28)
	at ✽.user is on login page(file:src/test/resources/Features/login.feature:5)
]]></failure>
    </testcase>
</testsuite>
